[debug] [2020-01-29T05:40:24.698Z] ----------------------------------------------------------------------
[debug] [2020-01-29T05:40:24.700Z] Command:       /Users/osuka_t/.nodenv/versions/10.16.0/bin/node /Users/osuka_t/.nodenv/versions/10.16.0/bin/firebase functions:shell
[debug] [2020-01-29T05:40:24.700Z] CLI Version:   7.12.1
[debug] [2020-01-29T05:40:24.700Z] Platform:      darwin
[debug] [2020-01-29T05:40:24.700Z] Node Version:  v10.16.0
[debug] [2020-01-29T05:40:24.701Z] Time:          Wed Jan 29 2020 14:40:24 GMT+0900 (GMT+09:00)
[debug] [2020-01-29T05:40:24.701Z] ----------------------------------------------------------------------
[debug] [2020-01-29T05:40:24.701Z] 
[debug] [2020-01-29T05:40:24.711Z] > command requires scopes: ["email","openid","https://www.googleapis.com/auth/cloudplatformprojects.readonly","https://www.googleapis.com/auth/firebase","https://www.googleapis.com/auth/cloud-platform"]
[debug] [2020-01-29T05:40:24.712Z] > authorizing via signed-in user
[debug] [2020-01-29T05:40:24.712Z] [iam] checking project manga-search13 for permissions ["firebase.projects.get"]
[debug] [2020-01-29T05:40:24.714Z] >>> HTTP REQUEST POST https://cloudresourcemanager.googleapis.com/v1/projects/manga-search13:testIamPermissions  

[debug] [2020-01-29T05:40:43.469Z] <<< HTTP RESPONSE 200
[debug] [2020-01-29T05:40:43.484Z] [functions] Using node@10 from host.
[info] ✔  functions: Emulator started at http://localhost:5000
[debug] [2020-01-29T05:40:43.747Z] [functions] Watching "/Users/osuka_t/WORK/テスト的な/comic-search/functions" for Cloud Functions...
[debug] [2020-01-29T05:40:43.759Z] DEBUG: [worker-pool] addWorker(~diagnostic~)
[debug] [2020-01-29T05:40:43.759Z] DEBUG: [worker-pool] Adding worker with key ~diagnostic~, total=1
[debug] [2020-01-29T05:40:43.759Z] DEBUG: [worker-pool] submitWork(triggerId=)
[debug] [2020-01-29T05:40:43.759Z] DEBUG: [worker-~diagnostic~-5f74a8cb-4899-4d35-b43a-98844d13be11]: Assigning socketPath: /var/folders/dx/zxhl89sd40b_3xrmb6pgxjnw0000gp/T/fire_emu_6465.sock
[debug] [2020-01-29T05:40:43.760Z] DEBUG: [worker-~diagnostic~-5f74a8cb-4899-4d35-b43a-98844d13be11]: BUSY
[debug] [2020-01-29T05:40:44.163Z] DEBUG: [runtime-status] [6465] Functions runtime initialized. {"cwd":"/Users/osuka_t/WORK/テスト的な/comic-search/functions","node_version":"10.16.0"}
[debug] [2020-01-29T05:40:44.163Z] DEBUG: [runtime-status] [6465] Disabled runtime features: {"functions_config_helper":true,"network_filtering":true,"timeout":true,"memory_limiting":true,"admin_stubs":true,"pubsub_emulator":true}
[debug] [2020-01-29T05:40:44.169Z] DEBUG: [runtime-status] [6465] Resolved module firebase-admin {"declared":true,"installed":true,"version":"8.9.1","resolution":"/Users/osuka_t/WORK/テスト的な/comic-search/functions/node_modules/firebase-admin/lib/index.js"}
[debug] [2020-01-29T05:40:44.171Z] DEBUG: [runtime-status] [6465] Resolved module firebase-functions {"declared":true,"installed":true,"version":"3.3.0","resolution":"/Users/osuka_t/WORK/テスト的な/comic-search/functions/node_modules/firebase-functions/lib/index.js"}
[debug] [2020-01-29T05:40:44.171Z] DEBUG: [runtime-status] [6465] Resolved module firebase-functions {"declared":true,"installed":true,"version":"3.3.0","resolution":"/Users/osuka_t/WORK/テスト的な/comic-search/functions/node_modules/firebase-functions/lib/index.js"}
[debug] [2020-01-29T05:40:44.370Z] [functions[publishers]] http function initialized (http://localhost:5000/manga-search13/asia-northeast1/publishers).
[debug] [2020-01-29T05:40:44.370Z] [functions[fetchCalendar]] function ignored because the pubsub emulator does not exist or is not running.
[info] i  functions: Loaded functions: publishers, fetchCalendar
[debug] [2020-01-29T05:40:44.377Z] DEBUG: [worker-~diagnostic~-5f74a8cb-4899-4d35-b43a-98844d13be11]: IDLE
[debug] [2020-01-29T05:42:05.250Z] shell:fetchCalendar: trigger={"regions":["asia-northeast1"],"timeout":"300s","availableMemoryMb":2048,"schedule":{"schedule":"0 2 1, 10,20 * *"},"eventTrigger":{"resource":"projects/manga-search13/topics","eventType":"google.pubsub.topic.publish","service":"pubsub.googleapis.com"},"labels":{"deployment-scheduled":"true"},"name":"fetchCalendar","entryPoint":"fetchCalendar"}
[debug] [2020-01-29T05:42:05.251Z] shell:fetchCalendar: opts={}, data={}
[debug] [2020-01-29T05:42:05.257Z] DEBUG: [worker-pool] addWorker(fetchCalendar)
[debug] [2020-01-29T05:42:05.257Z] DEBUG: [worker-pool] Adding worker with key fetchCalendar, total=1
[debug] [2020-01-29T05:42:05.258Z] DEBUG: [worker-pool] submitWork(triggerId=fetchCalendar)
[debug] [2020-01-29T05:42:05.258Z] DEBUG: [worker-fetchCalendar-4da959be-3749-43d6-9f6a-c639e560e9d1]: Assigning socketPath: /var/folders/dx/zxhl89sd40b_3xrmb6pgxjnw0000gp/T/fire_emu_6473.sock
[debug] [2020-01-29T05:42:05.258Z] DEBUG: [worker-fetchCalendar-4da959be-3749-43d6-9f6a-c639e560e9d1]: BUSY
[debug] [2020-01-29T05:42:05.875Z] DEBUG: [runtime-status] [6473] Functions runtime initialized. {"cwd":"/Users/osuka_t/WORK/テスト的な/comic-search/functions","node_version":"10.16.0"}
[debug] [2020-01-29T05:42:05.886Z] DEBUG: [runtime-status] [6473] Disabled runtime features: {"functions_config_helper":true,"network_filtering":true,"timeout":true,"memory_limiting":true,"admin_stubs":true,"pubsub_emulator":true}
[debug] [2020-01-29T05:42:05.892Z] DEBUG: [runtime-status] [6473] Resolved module firebase-admin {"declared":true,"installed":true,"version":"8.9.1","resolution":"/Users/osuka_t/WORK/テスト的な/comic-search/functions/node_modules/firebase-admin/lib/index.js"}
[debug] [2020-01-29T05:42:05.893Z] DEBUG: [runtime-status] [6473] Resolved module firebase-functions {"declared":true,"installed":true,"version":"3.3.0","resolution":"/Users/osuka_t/WORK/テスト的な/comic-search/functions/node_modules/firebase-functions/lib/index.js"}
[debug] [2020-01-29T05:42:05.894Z] DEBUG: [runtime-status] [6473] Resolved module firebase-functions {"declared":true,"installed":true,"version":"3.3.0","resolution":"/Users/osuka_t/WORK/テスト的な/comic-search/functions/node_modules/firebase-functions/lib/index.js"}
[debug] [2020-01-29T05:42:06.304Z] DEBUG: [runtime-status] [6473] Trigger "fetchCalendar" has been found, beginning invocation!
[debug] [2020-01-29T05:42:06.304Z] [functions] Beginning execution of "fetchCalendar"
[debug] [2020-01-29T05:42:06.304Z] DEBUG: [runtime-status] [6473] triggerDefinition {"regions":["asia-northeast1"],"timeout":"300s","availableMemoryMb":2048,"schedule":{"schedule":"0 2 1, 10,20 * *"},"eventTrigger":{"resource":"projects/manga-search13/topics","eventType":"google.pubsub.topic.publish","service":"pubsub.googleapis.com"},"labels":{"deployment-scheduled":"true"},"name":"fetchCalendar","entryPoint":"fetchCalendar"}
[debug] [2020-01-29T05:42:06.304Z] DEBUG: [runtime-status] [6473] Running fetchCalendar in mode BACKGROUND
[debug] [2020-01-29T05:42:06.305Z] DEBUG: [runtime-status] [6473] ProcessBackground {"eventId":"8b715c93-eeca-42f7-9b4a-9c57cc87c8f4","timestamp":"2020-01-29T05:42:05.251Z","eventType":"google.pubsub.topic.publish","data":{}}
[debug] [2020-01-29T05:42:06.305Z] DEBUG: [runtime-status] [6473] RunBackground {"data":{},"context":{"eventId":"8b715c93-eeca-42f7-9b4a-9c57cc87c8f4","timestamp":"2020-01-29T05:42:05.251Z","eventType":"google.pubsub.topic.publish"}}
[debug] [2020-01-29T05:44:03.659Z] DEBUG: [runtime-status] [6473] Ephemeral server survived.
[warn] ⚠  functions: Error: Could not load the default credentials. Browse to https://cloud.google.com/docs/authentication/getting-started for more information.
    at GoogleAuth.getApplicationDefaultAsync (/Users/osuka_t/WORK/テスト的な/comic-search/functions/node_modules/google-auth-library/build/src/auth/googleauth.js:159:19)
    at process._tickCallback (internal/process/next_tick.js:68:7)
[warn] ⚠  Your function was killed because it raised an unhandled error.
[debug] [2020-01-29T05:44:03.728Z] DEBUG: [worker-fetchCalendar-4da959be-3749-43d6-9f6a-c639e560e9d1]: exited
[debug] [2020-01-29T05:44:03.729Z] DEBUG: [worker-fetchCalendar-4da959be-3749-43d6-9f6a-c639e560e9d1]: FINISHED
[debug] [2020-01-29T06:00:04.739Z] shell:fetchCalendar: trigger={"regions":["asia-northeast1"],"timeout":"300s","availableMemoryMb":2048,"schedule":{"schedule":"0 2 1, 10,20 * *"},"eventTrigger":{"resource":"projects/manga-search13/topics","eventType":"google.pubsub.topic.publish","service":"pubsub.googleapis.com"},"labels":{"deployment-scheduled":"true"},"name":"fetchCalendar","entryPoint":"fetchCalendar"}
[debug] [2020-01-29T06:00:04.739Z] shell:fetchCalendar: opts={}, data={}
[debug] [2020-01-29T06:00:04.739Z] DEBUG: [worker-pool] Cleaned up workers for fetchCalendar: 1 --> 0
[debug] [2020-01-29T06:00:04.744Z] DEBUG: [worker-pool] addWorker(fetchCalendar)
[debug] [2020-01-29T06:00:04.744Z] DEBUG: [worker-pool] Adding worker with key fetchCalendar, total=1
[debug] [2020-01-29T06:00:04.744Z] DEBUG: [worker-pool] submitWork(triggerId=fetchCalendar)
[debug] [2020-01-29T06:00:04.744Z] DEBUG: [worker-fetchCalendar-d61de667-47cf-4804-9a0d-ca274a7fc713]: Assigning socketPath: /var/folders/dx/zxhl89sd40b_3xrmb6pgxjnw0000gp/T/fire_emu_6968.sock
[debug] [2020-01-29T06:00:04.744Z] DEBUG: [worker-fetchCalendar-d61de667-47cf-4804-9a0d-ca274a7fc713]: BUSY
[debug] [2020-01-29T06:00:05.228Z] DEBUG: [runtime-status] [6968] Functions runtime initialized. {"cwd":"/Users/osuka_t/WORK/テスト的な/comic-search/functions","node_version":"10.16.0"}
[debug] [2020-01-29T06:00:05.230Z] DEBUG: [runtime-status] [6968] Disabled runtime features: {"functions_config_helper":true,"network_filtering":true,"timeout":true,"memory_limiting":true,"admin_stubs":true,"pubsub_emulator":true}
[debug] [2020-01-29T06:00:05.235Z] DEBUG: [runtime-status] [6968] Resolved module firebase-admin {"declared":true,"installed":true,"version":"8.9.1","resolution":"/Users/osuka_t/WORK/テスト的な/comic-search/functions/node_modules/firebase-admin/lib/index.js"}
[debug] [2020-01-29T06:00:05.236Z] DEBUG: [runtime-status] [6968] Resolved module firebase-functions {"declared":true,"installed":true,"version":"3.3.0","resolution":"/Users/osuka_t/WORK/テスト的な/comic-search/functions/node_modules/firebase-functions/lib/index.js"}
[debug] [2020-01-29T06:00:05.237Z] DEBUG: [runtime-status] [6968] Resolved module firebase-functions {"declared":true,"installed":true,"version":"3.3.0","resolution":"/Users/osuka_t/WORK/テスト的な/comic-search/functions/node_modules/firebase-functions/lib/index.js"}
[debug] [2020-01-29T06:00:05.443Z] DEBUG: [runtime-status] [6968] Trigger "fetchCalendar" has been found, beginning invocation!
[debug] [2020-01-29T06:00:05.444Z] [functions] Beginning execution of "fetchCalendar"
[debug] [2020-01-29T06:00:05.444Z] DEBUG: [runtime-status] [6968] triggerDefinition {"regions":["asia-northeast1"],"timeout":"300s","availableMemoryMb":2048,"schedule":{"schedule":"0 2 1, 10,20 * *"},"eventTrigger":{"resource":"projects/manga-search13/topics","eventType":"google.pubsub.topic.publish","service":"pubsub.googleapis.com"},"labels":{"deployment-scheduled":"true"},"name":"fetchCalendar","entryPoint":"fetchCalendar"}
[debug] [2020-01-29T06:00:05.444Z] DEBUG: [runtime-status] [6968] Running fetchCalendar in mode BACKGROUND
[debug] [2020-01-29T06:00:05.444Z] DEBUG: [runtime-status] [6968] ProcessBackground {"eventId":"2ef7e369-0338-493d-97d7-b5933a2b0c6f","timestamp":"2020-01-29T06:00:04.739Z","eventType":"google.pubsub.topic.publish","data":{}}
[debug] [2020-01-29T06:00:05.445Z] DEBUG: [runtime-status] [6968] RunBackground {"data":{},"context":{"eventId":"2ef7e369-0338-493d-97d7-b5933a2b0c6f","timestamp":"2020-01-29T06:00:04.739Z","eventType":"google.pubsub.topic.publish"}}
[debug] [2020-01-29T06:00:07.559Z] shell:fetchCalendar: trigger={"regions":["asia-northeast1"],"timeout":"300s","availableMemoryMb":2048,"schedule":{"schedule":"0 2 1, 10,20 * *"},"eventTrigger":{"resource":"projects/manga-search13/topics","eventType":"google.pubsub.topic.publish","service":"pubsub.googleapis.com"},"labels":{"deployment-scheduled":"true"},"name":"fetchCalendar","entryPoint":"fetchCalendar"}
[debug] [2020-01-29T06:00:07.559Z] shell:fetchCalendar: opts={}, data={}
[debug] [2020-01-29T06:00:07.562Z] DEBUG: [worker-pool] addWorker(fetchCalendar)
[debug] [2020-01-29T06:00:07.562Z] DEBUG: [worker-pool] Adding worker with key fetchCalendar, total=2
[debug] [2020-01-29T06:00:07.563Z] DEBUG: [worker-pool] submitWork(triggerId=fetchCalendar)
[debug] [2020-01-29T06:00:07.563Z] DEBUG: [worker-fetchCalendar-b3f6f409-7d61-4e87-99cf-2d04cec2abd2]: Assigning socketPath: /var/folders/dx/zxhl89sd40b_3xrmb6pgxjnw0000gp/T/fire_emu_6971.sock
[debug] [2020-01-29T06:00:07.563Z] DEBUG: [worker-fetchCalendar-b3f6f409-7d61-4e87-99cf-2d04cec2abd2]: BUSY
[debug] [2020-01-29T06:00:07.813Z] DEBUG: [runtime-status] [6971] Functions runtime initialized. {"cwd":"/Users/osuka_t/WORK/テスト的な/comic-search/functions","node_version":"10.16.0"}
[debug] [2020-01-29T06:00:07.815Z] DEBUG: [runtime-status] [6971] Disabled runtime features: {"functions_config_helper":true,"network_filtering":true,"timeout":true,"memory_limiting":true,"admin_stubs":true,"pubsub_emulator":true}
[debug] [2020-01-29T06:00:07.818Z] DEBUG: [runtime-status] [6971] Resolved module firebase-admin {"declared":true,"installed":true,"version":"8.9.1","resolution":"/Users/osuka_t/WORK/テスト的な/comic-search/functions/node_modules/firebase-admin/lib/index.js"}
[debug] [2020-01-29T06:00:07.818Z] DEBUG: [runtime-status] [6971] Resolved module firebase-functions {"declared":true,"installed":true,"version":"3.3.0","resolution":"/Users/osuka_t/WORK/テスト的な/comic-search/functions/node_modules/firebase-functions/lib/index.js"}
[debug] [2020-01-29T06:00:07.819Z] DEBUG: [runtime-status] [6971] Resolved module firebase-functions {"declared":true,"installed":true,"version":"3.3.0","resolution":"/Users/osuka_t/WORK/テスト的な/comic-search/functions/node_modules/firebase-functions/lib/index.js"}
[debug] [2020-01-29T06:00:07.908Z] DEBUG: [runtime-status] [6971] Trigger "fetchCalendar" has been found, beginning invocation!
[debug] [2020-01-29T06:00:07.908Z] [functions] Beginning execution of "fetchCalendar"
[debug] [2020-01-29T06:00:07.908Z] DEBUG: [runtime-status] [6971] triggerDefinition {"regions":["asia-northeast1"],"timeout":"300s","availableMemoryMb":2048,"schedule":{"schedule":"0 2 1, 10,20 * *"},"eventTrigger":{"resource":"projects/manga-search13/topics","eventType":"google.pubsub.topic.publish","service":"pubsub.googleapis.com"},"labels":{"deployment-scheduled":"true"},"name":"fetchCalendar","entryPoint":"fetchCalendar"}
[debug] [2020-01-29T06:00:07.908Z] DEBUG: [runtime-status] [6971] Running fetchCalendar in mode BACKGROUND
[debug] [2020-01-29T06:00:07.908Z] DEBUG: [runtime-status] [6971] ProcessBackground {"eventId":"bf5590ba-081c-46c7-b8c5-397e5d90c2ff","timestamp":"2020-01-29T06:00:07.559Z","eventType":"google.pubsub.topic.publish","data":{}}
[debug] [2020-01-29T06:00:07.909Z] DEBUG: [runtime-status] [6971] RunBackground {"data":{},"context":{"eventId":"bf5590ba-081c-46c7-b8c5-397e5d90c2ff","timestamp":"2020-01-29T06:00:07.559Z","eventType":"google.pubsub.topic.publish"}}
[debug] [2020-01-29T06:00:24.789Z] DEBUG: [runtime-status] [6971] Ephemeral server survived.
[warn] ⚠  functions: Error: Could not load the default credentials. Browse to https://cloud.google.com/docs/authentication/getting-started for more information.
    at GoogleAuth.getApplicationDefaultAsync (/Users/osuka_t/WORK/テスト的な/comic-search/functions/node_modules/google-auth-library/build/src/auth/googleauth.js:159:19)
    at process._tickCallback (internal/process/next_tick.js:68:7)
[warn] ⚠  Your function was killed because it raised an unhandled error.
[debug] [2020-01-29T06:00:24.849Z] DEBUG: [worker-fetchCalendar-b3f6f409-7d61-4e87-99cf-2d04cec2abd2]: exited
[debug] [2020-01-29T06:00:24.850Z] DEBUG: [worker-fetchCalendar-b3f6f409-7d61-4e87-99cf-2d04cec2abd2]: FINISHED
[debug] [2020-01-29T06:00:26.113Z] DEBUG: [runtime-status] [6968] Ephemeral server survived.
[warn] ⚠  functions: Error: Could not load the default credentials. Browse to https://cloud.google.com/docs/authentication/getting-started for more information.
    at GoogleAuth.getApplicationDefaultAsync (/Users/osuka_t/WORK/テスト的な/comic-search/functions/node_modules/google-auth-library/build/src/auth/googleauth.js:159:19)
    at process._tickCallback (internal/process/next_tick.js:68:7)
[warn] ⚠  Your function was killed because it raised an unhandled error.
[debug] [2020-01-29T06:00:26.171Z] DEBUG: [worker-fetchCalendar-d61de667-47cf-4804-9a0d-ca274a7fc713]: exited
[debug] [2020-01-29T06:00:26.171Z] DEBUG: [worker-fetchCalendar-d61de667-47cf-4804-9a0d-ca274a7fc713]: FINISHED
[debug] [2020-01-29T06:00:42.976Z] TypeError: Cannot read property 'setRawMode' of null
    at ReadStream.setRawMode (tty.js:69:28)
    at REPLServer.Interface._setRawMode (readline.js:269:16)
    at REPLServer.Interface.close (readline.js:394:10)
    at process.nextTick (repl.js:790:31)
    at process._tickCallback (internal/process/next_tick.js:61:11)
[debug] [2020-01-29T06:02:46.535Z] ----------------------------------------------------------------------
[debug] [2020-01-29T06:02:46.537Z] Command:       /Users/osuka_t/.nodenv/versions/10.16.0/bin/node /Users/osuka_t/.nodenv/versions/10.16.0/bin/firebase functions:shell
[debug] [2020-01-29T06:02:46.537Z] CLI Version:   7.12.1
[debug] [2020-01-29T06:02:46.537Z] Platform:      darwin
[debug] [2020-01-29T06:02:46.537Z] Node Version:  v10.16.0
[debug] [2020-01-29T06:02:46.538Z] Time:          Wed Jan 29 2020 15:02:46 GMT+0900 (GMT+09:00)
[debug] [2020-01-29T06:02:46.538Z] ----------------------------------------------------------------------
[debug] [2020-01-29T06:02:46.538Z] 
[debug] [2020-01-29T06:02:46.548Z] > command requires scopes: ["email","openid","https://www.googleapis.com/auth/cloudplatformprojects.readonly","https://www.googleapis.com/auth/firebase","https://www.googleapis.com/auth/cloud-platform"]
[debug] [2020-01-29T06:02:46.549Z] > authorizing via signed-in user
[debug] [2020-01-29T06:02:46.549Z] [iam] checking project manga-search13 for permissions ["firebase.projects.get"]
[debug] [2020-01-29T06:02:46.550Z] >>> HTTP REQUEST POST https://cloudresourcemanager.googleapis.com/v1/projects/manga-search13:testIamPermissions  

[debug] [2020-01-29T06:02:46.880Z] <<< HTTP RESPONSE 200
[debug] [2020-01-29T06:02:46.891Z] [functions] Using node@10 from host.
[info] ✔  functions: Emulator started at http://localhost:5000
[debug] [2020-01-29T06:02:47.151Z] [functions] Watching "/Users/osuka_t/WORK/テスト的な/comic-search/functions" for Cloud Functions...
[debug] [2020-01-29T06:02:47.161Z] DEBUG: [worker-pool] addWorker(~diagnostic~)
[debug] [2020-01-29T06:02:47.161Z] DEBUG: [worker-pool] Adding worker with key ~diagnostic~, total=1
[debug] [2020-01-29T06:02:47.161Z] DEBUG: [worker-pool] submitWork(triggerId=)
[debug] [2020-01-29T06:02:47.161Z] DEBUG: [worker-~diagnostic~-86327915-aebf-4f5f-ac6b-e9d84bee5f69]: Assigning socketPath: /var/folders/dx/zxhl89sd40b_3xrmb6pgxjnw0000gp/T/fire_emu_7266.sock
[debug] [2020-01-29T06:02:47.162Z] DEBUG: [worker-~diagnostic~-86327915-aebf-4f5f-ac6b-e9d84bee5f69]: BUSY
[debug] [2020-01-29T06:02:47.414Z] DEBUG: [runtime-status] [7266] Functions runtime initialized. {"cwd":"/Users/osuka_t/WORK/テスト的な/comic-search/functions","node_version":"10.16.0"}
[debug] [2020-01-29T06:02:47.415Z] DEBUG: [runtime-status] [7266] Disabled runtime features: {"functions_config_helper":true,"network_filtering":true,"timeout":true,"memory_limiting":true,"admin_stubs":true,"pubsub_emulator":true}
[debug] [2020-01-29T06:02:47.418Z] DEBUG: [runtime-status] [7266] Resolved module firebase-admin {"declared":true,"installed":true,"version":"8.9.1","resolution":"/Users/osuka_t/WORK/テスト的な/comic-search/functions/node_modules/firebase-admin/lib/index.js"}
[debug] [2020-01-29T06:02:47.419Z] DEBUG: [runtime-status] [7266] Resolved module firebase-functions {"declared":true,"installed":true,"version":"3.3.0","resolution":"/Users/osuka_t/WORK/テスト的な/comic-search/functions/node_modules/firebase-functions/lib/index.js"}
[warn] ⚠  functions: Your GOOGLE_APPLICATION_CREDENTIALS environment variable points to /Users/osuka_t/WORK/テスト的な/comic-search/functions/src/manga-search13-firebase-adminsdk-5xjpo-411003f558.json. Non-emulated services will access production using these credentials. Be careful!
[debug] [2020-01-29T06:02:47.419Z] DEBUG: [runtime-status] [7266] Resolved module firebase-functions {"declared":true,"installed":true,"version":"3.3.0","resolution":"/Users/osuka_t/WORK/テスト的な/comic-search/functions/node_modules/firebase-functions/lib/index.js"}
[debug] [2020-01-29T06:02:47.590Z] [functions[publishers]] http function initialized (http://localhost:5000/manga-search13/asia-northeast1/publishers).
[debug] [2020-01-29T06:02:47.590Z] [functions[fetchCalendar]] function ignored because the pubsub emulator does not exist or is not running.
[info] i  functions: Loaded functions: publishers, fetchCalendar
[debug] [2020-01-29T06:02:47.596Z] DEBUG: [worker-~diagnostic~-86327915-aebf-4f5f-ac6b-e9d84bee5f69]: IDLE
[debug] [2020-01-29T06:03:38.834Z] shell:fetchCalendar: trigger={"regions":["asia-northeast1"],"timeout":"300s","availableMemoryMb":2048,"schedule":{"schedule":"0 2 1, 10,20 * *"},"eventTrigger":{"resource":"projects/manga-search13/topics","eventType":"google.pubsub.topic.publish","service":"pubsub.googleapis.com"},"labels":{"deployment-scheduled":"true"},"name":"fetchCalendar","entryPoint":"fetchCalendar"}
[debug] [2020-01-29T06:03:38.834Z] shell:fetchCalendar: opts={}, data={}
[debug] [2020-01-29T06:03:38.839Z] DEBUG: [worker-pool] addWorker(fetchCalendar)
[debug] [2020-01-29T06:03:38.840Z] DEBUG: [worker-pool] Adding worker with key fetchCalendar, total=1
[debug] [2020-01-29T06:03:38.840Z] DEBUG: [worker-pool] submitWork(triggerId=fetchCalendar)
[debug] [2020-01-29T06:03:38.840Z] DEBUG: [worker-fetchCalendar-cb4b2401-db5d-4e4c-b603-286c01dd273e]: Assigning socketPath: /var/folders/dx/zxhl89sd40b_3xrmb6pgxjnw0000gp/T/fire_emu_7273.sock
[debug] [2020-01-29T06:03:38.840Z] DEBUG: [worker-fetchCalendar-cb4b2401-db5d-4e4c-b603-286c01dd273e]: BUSY
[debug] [2020-01-29T06:03:39.084Z] DEBUG: [runtime-status] [7273] Functions runtime initialized. {"cwd":"/Users/osuka_t/WORK/テスト的な/comic-search/functions","node_version":"10.16.0"}
[debug] [2020-01-29T06:03:39.086Z] DEBUG: [runtime-status] [7273] Disabled runtime features: {"functions_config_helper":true,"network_filtering":true,"timeout":true,"memory_limiting":true,"admin_stubs":true,"pubsub_emulator":true}
[debug] [2020-01-29T06:03:39.088Z] DEBUG: [runtime-status] [7273] Resolved module firebase-admin {"declared":true,"installed":true,"version":"8.9.1","resolution":"/Users/osuka_t/WORK/テスト的な/comic-search/functions/node_modules/firebase-admin/lib/index.js"}
[debug] [2020-01-29T06:03:39.089Z] DEBUG: [runtime-status] [7273] Resolved module firebase-functions {"declared":true,"installed":true,"version":"3.3.0","resolution":"/Users/osuka_t/WORK/テスト的な/comic-search/functions/node_modules/firebase-functions/lib/index.js"}
[warn] ⚠  functions: Your GOOGLE_APPLICATION_CREDENTIALS environment variable points to /Users/osuka_t/WORK/テスト的な/comic-search/functions/src/manga-search13-firebase-adminsdk-5xjpo-411003f558.json. Non-emulated services will access production using these credentials. Be careful!
[debug] [2020-01-29T06:03:39.090Z] DEBUG: [runtime-status] [7273] Resolved module firebase-functions {"declared":true,"installed":true,"version":"3.3.0","resolution":"/Users/osuka_t/WORK/テスト的な/comic-search/functions/node_modules/firebase-functions/lib/index.js"}
[debug] [2020-01-29T06:03:39.218Z] DEBUG: [runtime-status] [7273] Trigger "fetchCalendar" has been found, beginning invocation!
[debug] [2020-01-29T06:03:39.218Z] [functions] Beginning execution of "fetchCalendar"
[debug] [2020-01-29T06:03:39.219Z] DEBUG: [runtime-status] [7273] triggerDefinition {"regions":["asia-northeast1"],"timeout":"300s","availableMemoryMb":2048,"schedule":{"schedule":"0 2 1, 10,20 * *"},"eventTrigger":{"resource":"projects/manga-search13/topics","eventType":"google.pubsub.topic.publish","service":"pubsub.googleapis.com"},"labels":{"deployment-scheduled":"true"},"name":"fetchCalendar","entryPoint":"fetchCalendar"}
[debug] [2020-01-29T06:03:39.219Z] DEBUG: [runtime-status] [7273] Running fetchCalendar in mode BACKGROUND
[debug] [2020-01-29T06:03:39.219Z] DEBUG: [runtime-status] [7273] ProcessBackground {"eventId":"b97432af-3898-49b7-bd95-8fe505f0c7cb","timestamp":"2020-01-29T06:03:38.834Z","eventType":"google.pubsub.topic.publish","data":{}}
[debug] [2020-01-29T06:03:39.219Z] DEBUG: [runtime-status] [7273] RunBackground {"data":{},"context":{"eventId":"b97432af-3898-49b7-bd95-8fe505f0c7cb","timestamp":"2020-01-29T06:03:38.834Z","eventType":"google.pubsub.topic.publish"}}
[info] >  Fetched Kodansha calendar. Wrote 730 memos.
[debug] [2020-01-29T06:04:26.728Z] DEBUG: [runtime-status] [7273] Ephemeral server survived.
[debug] [2020-01-29T06:04:26.728Z] [functions] Finished "fetchCalendar" in ~47s
[debug] [2020-01-29T06:04:26.728Z] DEBUG: [worker-fetchCalendar-cb4b2401-db5d-4e4c-b603-286c01dd273e]: IDLE
